#
# There is insufficient memory for the Java Runtime Environment to continue.
# Native memory allocation (malloc) failed to allocate 286736 bytes for Chunk::new
# Possible reasons:
#   The system is out of physical RAM or swap space
#   The process is running with CompressedOops enabled, and the Java Heap may be blocking the growth of the native heap
# Possible solutions:
#   Reduce memory load on the system
#   Increase physical memory or swap space
#   Check if swap backing store is full
#   Decrease Java heap size (-Xmx/-Xms)
#   Decrease number of Java threads
#   Decrease Java thread stack sizes (-Xss)
#   Set larger code cache with -XX:ReservedCodeCacheSize=
#   JVM is running with Unscaled Compressed Oops mode in which the Java heap is
#     placed in the first 4GB address space. The Java Heap base address is the
#     maximum limit for the native heap growth. Please use -XX:HeapBaseMinAddress
#     to set the Java Heap base and to place the Java Heap above 4GB virtual address.
# This output file may be truncated or incomplete.
#
#  Out of Memory Error (allocation.cpp:390), pid=5632, tid=0x00000000000043c8
#
# JRE version: Java(TM) SE Runtime Environment (8.0_201-b09) (build 1.8.0_201-b09)
# Java VM: Java HotSpot(TM) 64-Bit Server VM (25.201-b09 mixed mode windows-amd64 compressed oops)
# Failed to write core dump. Minidumps are not enabled by default on client versions of Windows
#

---------------  T H R E A D  ---------------

Current thread (0x0000000017f6b000):  JavaThread "C2 CompilerThread1" daemon [_thread_in_native, id=17352, stack(0x000000001a770000,0x000000001a870000)]

Stack: [0x000000001a770000,0x000000001a870000]
[error occurred during error reporting (printing stack bounds), id 0xc0000005]

Native frames: (J=compiled Java code, j=interpreted, Vv=VM code, C=native code)


Current CompileTask:
C2:   2641 3377       4       org.springframework.core.annotation.AnnotationUtils::postProcessAnnotationAttributes (163 bytes)


---------------  P R O C E S S  ---------------

Java Threads: ( => current thread )
  0x00000000208f4800 JavaThread "HikariPool-1 connection adder" daemon [_thread_in_native, id=3292, stack(0x0000000022a70000,0x0000000022b70000)]
  0x000000001ddf3800 JavaThread "HikariPool-1 housekeeper" daemon [_thread_blocked, id=448, stack(0x0000000022660000,0x0000000022760000)]
  0x0000000020a77000 JavaThread "mysql-cj-abandoned-connection-cleanup" daemon [_thread_blocked, id=13420, stack(0x0000000021080000,0x0000000021180000)]
  0x000000001ed74800 JavaThread "container-0" [_thread_blocked, id=1756, stack(0x0000000020f80000,0x0000000021080000)]
  0x000000001de6c000 JavaThread "Catalina-utility-2" [_thread_blocked, id=9452, stack(0x0000000020e80000,0x0000000020f80000)]
  0x000000001ff5c800 JavaThread "Catalina-utility-1" [_thread_blocked, id=5712, stack(0x000000001e5c0000,0x000000001e6c0000)]
  0x0000000019dd6800 JavaThread "Service Thread" daemon [_thread_blocked, id=16068, stack(0x000000001aa70000,0x000000001ab70000)]
  0x0000000019d94800 JavaThread "C1 CompilerThread3" daemon [_thread_in_native, id=10084, stack(0x000000001a970000,0x000000001aa70000)]
  0x0000000019d91000 JavaThread "C2 CompilerThread2" daemon [_thread_in_native, id=13280, stack(0x000000001a870000,0x000000001a970000)]
=>0x0000000017f6b000 JavaThread "C2 CompilerThread1" daemon [_thread_in_native, id=17352, stack(0x000000001a770000,0x000000001a870000)]
  0x0000000019d8c800 JavaThread "C2 CompilerThread0" daemon [_thread_blocked, id=17592, stack(0x000000001a670000,0x000000001a770000)]
  0x0000000019d8a800 JavaThread "Attach Listener" daemon [_thread_blocked, id=18284, stack(0x000000001a570000,0x000000001a670000)]
  0x0000000017f69800 JavaThread "Signal Dispatcher" daemon [_thread_blocked, id=5588, stack(0x000000001a470000,0x000000001a570000)]
  0x0000000019d71000 JavaThread "Finalizer" daemon [_thread_blocked, id=4128, stack(0x000000001a250000,0x000000001a350000)]
  0x0000000019d70800 JavaThread "Reference Handler" daemon [_thread_blocked, id=12308, stack(0x000000001a150000,0x000000001a250000)]
  0x0000000002ef4800 JavaThread "main" [_thread_in_native, id=14252, stack(0x0000000002d50000,0x0000000002e50000)]

Other Threads:
  0x0000000017f59000 VMThread [stack: 0x0000000019c50000,0x0000000019d50000] [id=11292]
  0x0000000019ddb000 WatcherThread [stack: 0x000000001ab70000,0x000000001ac70000] [id=1876]

VM state:not at safepoint (normal execution)

VM Mutex/Monitor currently owned by a thread: None

heap address: 0x0000000081e00000, size: 2018 MB, Compressed Oops mode: 32-bit
Narrow klass base: 0x0000000000000000, Narrow klass shift: 3
Compressed class space size: 1073741824 Address: 0x0000000100000000

Heap:
 PSYoungGen      total 110592K, used 20582K [0x00000000d5f80000, 0x00000000e0700000, 0x0000000100000000)
  eden space 99840K, 20% used [0x00000000d5f80000,0x00000000d7399968,0x00000000dc100000)
  from space 10752K, 0% used [0x00000000dc100000,0x00000000dc100000,0x00000000dcb80000)
  to   space 12288K, 0% used [0x00000000dfb00000,0x00000000dfb00000,0x00000000e0700000)
 ParOldGen       total 58368K, used 15119K [0x0000000081e00000, 0x0000000085700000, 0x00000000d5f80000)
  object space 58368K, 25% used [0x0000000081e00000,0x0000000082cc3e68,0x0000000085700000)
 Metaspace       used 37176K, capacity 38854K, committed 39208K, reserved 1083392K
  class space    used 4752K, capacity 5069K, committed 5160K, reserved 1048576K

Card table byte_map: [0x00000000123b0000,0x00000000127b0000] byte_map_base: 0x0000000011fa1000

Marking Bits: (ParMarkBitMap*) 0x0000000071464ce0
 Begin Bits: [0x0000000013260000, 0x00000000151e8000)
 End Bits:   [0x00000000151e8000, 0x0000000017170000)

Polling page: 0x00000000013e0000

CodeCache: size=245760Kb used=12681Kb max_used=12681Kb free=233078Kb
 bounds [0x0000000002ff0000, 0x0000000003c60000, 0x0000000011ff0000]
 total_blobs=3891 nmethods=3448 adapters=355
 compilation: enabled

Compilation events (10 events):
Event: 2.502 Thread 0x0000000019d8c800 3384       4       java.util.Arrays::copyOf (46 bytes)
Event: 2.504 Thread 0x0000000019d8c800 nmethod 3384 0x0000000003c2b790 code [0x0000000003c2b8e0, 0x0000000003c2bc78]
Event: 2.505 Thread 0x0000000019d94800 3385       3       java.lang.Class::searchFields (41 bytes)
Event: 2.506 Thread 0x0000000019d94800 nmethod 3385 0x0000000003c2de90 code [0x0000000003c2e080, 0x0000000003c2ea08]
Event: 2.506 Thread 0x0000000019d94800 3386       3       java.lang.invoke.InnerClassLambdaMetafactory::generateFactory (136 bytes)
Event: 2.507 Thread 0x0000000019d94800 nmethod 3386 0x0000000003c2ee90 code [0x0000000003c2f220, 0x0000000003c30f68]
Event: 2.520 Thread 0x0000000019d8c800 3387       4       java.io.File::exists (43 bytes)
Event: 2.523 Thread 0x0000000019d8c800 nmethod 3387 0x0000000003c1e4d0 code [0x0000000003c1e620, 0x0000000003c1e888]
Event: 2.535 Thread 0x0000000019d8c800 3388  s    4       java.lang.Throwable::fillInStackTrace (29 bytes)
Event: 2.536 Thread 0x0000000019d8c800 nmethod 3388 0x0000000003c2bed0 code [0x0000000003c2c020, 0x0000000003c2c348]

GC Heap History (10 events):
Event: 0.821 GC heap before
{Heap before GC invocations=5 (full 1):
 PSYoungGen      total 71680K, used 5088K [0x00000000d5f80000, 0x00000000daa80000, 0x0000000100000000)
  eden space 66560K, 0% used [0x00000000d5f80000,0x00000000d5f80000,0x00000000da080000)
  from space 5120K, 99% used [0x00000000da580000,0x00000000daa78088,0x00000000daa80000)
  to   space 5120K, 0% used [0x00000000da080000,0x00000000da080000,0x00000000da580000)
 ParOldGen       total 87552K, used 5258K [0x0000000081e00000, 0x0000000087380000, 0x00000000d5f80000)
  object space 87552K, 6% used [0x0000000081e00000,0x0000000082322ad8,0x0000000087380000)
 Metaspace       used 20682K, capacity 21230K, committed 21296K, reserved 1067008K
  class space    used 2685K, capacity 2831K, committed 2864K, reserved 1048576K
Event: 0.841 GC heap after
Heap after GC invocations=5 (full 1):
 PSYoungGen      total 71680K, used 0K [0x00000000d5f80000, 0x00000000daa80000, 0x0000000100000000)
  eden space 66560K, 0% used [0x00000000d5f80000,0x00000000d5f80000,0x00000000da080000)
  from space 5120K, 0% used [0x00000000da580000,0x00000000da580000,0x00000000daa80000)
  to   space 5120K, 0% used [0x00000000da080000,0x00000000da080000,0x00000000da580000)
 ParOldGen       total 58368K, used 7182K [0x0000000081e00000, 0x0000000085700000, 0x00000000d5f80000)
  object space 58368K, 12% used [0x0000000081e00000,0x0000000082503a78,0x0000000085700000)
 Metaspace       used 20681K, capacity 21224K, committed 21296K, reserved 1067008K
  class space    used 2684K, capacity 2830K, committed 2864K, reserved 1048576K
}
Event: 1.063 GC heap before
{Heap before GC invocations=6 (full 1):
 PSYoungGen      total 71680K, used 66560K [0x00000000d5f80000, 0x00000000daa80000, 0x0000000100000000)
  eden space 66560K, 100% used [0x00000000d5f80000,0x00000000da080000,0x00000000da080000)
  from space 5120K, 0% used [0x00000000da580000,0x00000000da580000,0x00000000daa80000)
  to   space 5120K, 0% used [0x00000000da080000,0x00000000da080000,0x00000000da580000)
 ParOldGen       total 58368K, used 7182K [0x0000000081e00000, 0x0000000085700000, 0x00000000d5f80000)
  object space 58368K, 12% used [0x0000000081e00000,0x0000000082503a78,0x0000000085700000)
 Metaspace       used 23648K, capacity 24436K, committed 24496K, reserved 1071104K
  class space    used 3045K, capacity 3238K, committed 3248K, reserved 1048576K
Event: 1.067 GC heap after
Heap after GC invocations=6 (full 1):
 PSYoungGen      total 71680K, used 4161K [0x00000000d5f80000, 0x00000000dd480000, 0x0000000100000000)
  eden space 66560K, 0% used [0x00000000d5f80000,0x00000000d5f80000,0x00000000da080000)
  from space 5120K, 81% used [0x00000000da080000,0x00000000da490658,0x00000000da580000)
  to   space 8704K, 0% used [0x00000000dcc00000,0x00000000dcc00000,0x00000000dd480000)
 ParOldGen       total 58368K, used 7254K [0x0000000081e00000, 0x0000000085700000, 0x00000000d5f80000)
  object space 58368K, 12% used [0x0000000081e00000,0x0000000082515a88,0x0000000085700000)
 Metaspace       used 23648K, capacity 24436K, committed 24496K, reserved 1071104K
  class space    used 3045K, capacity 3238K, committed 3248K, reserved 1048576K
}
Event: 1.728 GC heap before
{Heap before GC invocations=7 (full 1):
 PSYoungGen      total 71680K, used 70721K [0x00000000d5f80000, 0x00000000dd480000, 0x0000000100000000)
  eden space 66560K, 100% used [0x00000000d5f80000,0x00000000da080000,0x00000000da080000)
  from space 5120K, 81% used [0x00000000da080000,0x00000000da490658,0x00000000da580000)
  to   space 8704K, 0% used [0x00000000dcc00000,0x00000000dcc00000,0x00000000dd480000)
 ParOldGen       total 58368K, used 7254K [0x0000000081e00000, 0x0000000085700000, 0x00000000d5f80000)
  object space 58368K, 12% used [0x0000000081e00000,0x0000000082515a88,0x0000000085700000)
 Metaspace       used 29348K, capacity 30778K, committed 31024K, reserved 1077248K
  class space    used 3847K, capacity 4129K, committed 4144K, reserved 1048576K
Event: 1.736 GC heap after
Heap after GC invocations=7 (full 1):
 PSYoungGen      total 108544K, used 8701K [0x00000000d5f80000, 0x00000000dd600000, 0x0000000100000000)
  eden space 99840K, 0% used [0x00000000d5f80000,0x00000000d5f80000,0x00000000dc100000)
  from space 8704K, 99% used [0x00000000dcc00000,0x00000000dd47f6e0,0x00000000dd480000)
  to   space 10752K, 0% used [0x00000000dc100000,0x00000000dc100000,0x00000000dcb80000)
 ParOldGen       total 58368K, used 8498K [0x0000000081e00000, 0x0000000085700000, 0x00000000d5f80000)
  object space 58368K, 14% used [0x0000000081e00000,0x000000008264c930,0x0000000085700000)
 Metaspace       used 29348K, capacity 30778K, committed 31024K, reserved 1077248K
  class space    used 3847K, capacity 4129K, committed 4144K, reserved 1048576K
}
Event: 2.320 GC heap before
{Heap before GC invocations=8 (full 1):
 PSYoungGen      total 108544K, used 82596K [0x00000000d5f80000, 0x00000000dd600000, 0x0000000100000000)
  eden space 99840K, 74% used [0x00000000d5f80000,0x00000000da7a9b10,0x00000000dc100000)
  from space 8704K, 99% used [0x00000000dcc00000,0x00000000dd47f6e0,0x00000000dd480000)
  to   space 10752K, 0% used [0x00000000dc100000,0x00000000dc100000,0x00000000dcb80000)
 ParOldGen       total 58368K, used 8498K [0x0000000081e00000, 0x0000000085700000, 0x00000000d5f80000)
  object space 58368K, 14% used [0x0000000081e00000,0x000000008264c930,0x0000000085700000)
 Metaspace       used 33784K, capacity 35364K, committed 35496K, reserved 1079296K
  class space    used 4355K, capacity 4666K, committed 4776K, reserved 1048576K
Event: 2.329 GC heap after
Heap after GC invocations=8 (full 1):
 PSYoungGen      total 110592K, used 10728K [0x00000000d5f80000, 0x00000000e0700000, 0x0000000100000000)
  eden space 99840K, 0% used [0x00000000d5f80000,0x00000000d5f80000,0x00000000dc100000)
  from space 10752K, 99% used [0x00000000dc100000,0x00000000dcb7a088,0x00000000dcb80000)
  to   space 12288K, 0% used [0x00000000dfb00000,0x00000000dfb00000,0x00000000e0700000)
 ParOldGen       total 58368K, used 9027K [0x0000000081e00000, 0x0000000085700000, 0x00000000d5f80000)
  object space 58368K, 15% used [0x0000000081e00000,0x00000000826d0f78,0x0000000085700000)
 Metaspace       used 33784K, capacity 35364K, committed 35496K, reserved 1079296K
  class space    used 4355K, capacity 4666K, committed 4776K, reserved 1048576K
}
Event: 2.329 GC heap before
{Heap before GC invocations=9 (full 2):
 PSYoungGen      total 110592K, used 10728K [0x00000000d5f80000, 0x00000000e0700000, 0x0000000100000000)
  eden space 99840K, 0% used [0x00000000d5f80000,0x00000000d5f80000,0x00000000dc100000)
  from space 10752K, 99% used [0x00000000dc100000,0x00000000dcb7a088,0x00000000dcb80000)
  to   space 12288K, 0% used [0x00000000dfb00000,0x00000000dfb00000,0x00000000e0700000)
 ParOldGen       total 58368K, used 9027K [0x0000000081e00000, 0x0000000085700000, 0x00000000d5f80000)
  object space 58368K, 15% used [0x0000000081e00000,0x00000000826d0f78,0x0000000085700000)
 Metaspace       used 33784K, capacity 35364K, committed 35496K, reserved 1079296K
  class space    used 4355K, capacity 4666K, committed 4776K, reserved 1048576K
Event: 2.374 GC heap after
Heap after GC invocations=9 (full 2):
 PSYoungGen      total 110592K, used 0K [0x00000000d5f80000, 0x00000000e0700000, 0x0000000100000000)
  eden space 99840K, 0% used [0x00000000d5f80000,0x00000000d5f80000,0x00000000dc100000)
  from space 10752K, 0% used [0x00000000dc100000,0x00000000dc100000,0x00000000dcb80000)
  to   space 12288K, 0% used [0x00000000dfb00000,0x00000000dfb00000,0x00000000e0700000)
 ParOldGen       total 58368K, used 15119K [0x0000000081e00000, 0x0000000085700000, 0x00000000d5f80000)
  object space 58368K, 25% used [0x0000000081e00000,0x0000000082cc3e68,0x0000000085700000)
 Metaspace       used 33784K, capacity 35364K, committed 35496K, reserved 1079296K
  class space    used 4355K, capacity 4666K, committed 4776K, reserved 1048576K
}

Deoptimization events (10 events):
Event: 2.234 Thread 0x0000000002ef4800 Uncommon trap: reason=bimorphic action=maybe_recompile pc=0x0000000003802530 method=java.util.stream.ReferencePipeline$2$1.accept(Ljava/lang/Object;)V @ 21
Event: 2.242 Thread 0x0000000002ef4800 Uncommon trap: reason=unstable_if action=reinterpret pc=0x00000000039d4984 method=org.springframework.beans.factory.support.DefaultSingletonBeanRegistry.getSingleton(Ljava/lang/String;Z)Ljava/lang/Object; @ 47
Event: 2.253 Thread 0x0000000002ef4800 Uncommon trap: reason=null_check action=make_not_entrant pc=0x0000000003a1ea18 method=org.springframework.util.ClassUtils.isAssignable(Ljava/lang/Class;Ljava/lang/Class;)Z @ 14
Event: 2.278 Thread 0x0000000002ef4800 Uncommon trap: reason=unstable_if action=reinterpret pc=0x000000000391d344 method=org.springframework.asm.Frame.push(I)V @ 26
Event: 2.318 Thread 0x0000000002ef4800 Uncommon trap: reason=unstable_if action=reinterpret pc=0x0000000003b35b3c method=java.net.URI.match(CJJ)Z @ 45
Event: 2.376 Thread 0x0000000002ef4800 Uncommon trap: reason=unstable_if action=reinterpret pc=0x0000000003b798c8 method=java.util.Properties.load0(Ljava/util/Properties$LineReader;)V @ 161
Event: 2.376 Thread 0x0000000002ef4800 Uncommon trap: reason=unstable_if action=reinterpret pc=0x0000000003b00414 method=java.util.Properties$LineReader.readLine()I @ 271
Event: 2.377 Thread 0x0000000002ef4800 Uncommon trap: reason=unstable_if action=reinterpret pc=0x0000000003abc694 method=java.util.Properties.loadConvert([CII[C)Ljava/lang/String; @ 4
Event: 2.449 Thread 0x0000000002ef4800 Uncommon trap: reason=unstable_if action=reinterpret pc=0x00000000034f3994 method=sun.misc.ASCIICaseInsensitiveComparator.compare(Ljava/lang/String;Ljava/lang/String;)I @ 83
Event: 2.473 Thread 0x0000000002ef4800 Uncommon trap: reason=unstable_if action=reinterpret pc=0x00000000032d8f44 method=sun.nio.cs.UTF_8$Decoder.decode([BII[C)I @ 30

Classes redefined (0 events):
No events

Internal exceptions (10 events):
Event: 2.234 Thread 0x0000000002ef4800 Implicit null exception at 0x0000000003b6b54d to 0x0000000003b6babc
Event: 2.234 Thread 0x0000000002ef4800 Exception <a 'java/lang/NullPointerException'> (0x00000000d9f773f0) thrown at [C:\re\workspace\8-2-build-windows-amd64-cygwin\jdk8u201\12322\hotspot\src\share\vm\runtime\sharedRuntime.cpp, line 605]
Event: 2.234 Thread 0x0000000002ef4800 Implicit null exception at 0x0000000003b6b54d to 0x0000000003b6babc
Event: 2.234 Thread 0x0000000002ef4800 Exception <a 'java/lang/NullPointerException'> (0x00000000d9f781a8) thrown at [C:\re\workspace\8-2-build-windows-amd64-cygwin\jdk8u201\12322\hotspot\src\share\vm\runtime\sharedRuntime.cpp, line 605]
Event: 2.234 Thread 0x0000000002ef4800 Implicit null exception at 0x0000000003b6b54d to 0x0000000003b6babc
Event: 2.234 Thread 0x0000000002ef4800 Exception <a 'java/lang/NullPointerException'> (0x00000000d9f78f58) thrown at [C:\re\workspace\8-2-build-windows-amd64-cygwin\jdk8u201\12322\hotspot\src\share\vm\runtime\sharedRuntime.cpp, line 605]
Event: 2.234 Thread 0x0000000002ef4800 Implicit null exception at 0x0000000003b6b54d to 0x0000000003b6babc
Event: 2.234 Thread 0x0000000002ef4800 Exception <a 'java/lang/NullPointerException'> (0x00000000d9f79d78) thrown at [C:\re\workspace\8-2-build-windows-amd64-cygwin\jdk8u201\12322\hotspot\src\share\vm\runtime\sharedRuntime.cpp, line 605]
Event: 2.234 Thread 0x0000000002ef4800 Implicit null exception at 0x0000000003b6b54d to 0x0000000003b6babc
Event: 2.234 Thread 0x0000000002ef4800 Exception <a 'java/lang/NullPointerException'> (0x00000000d9f7ab98) thrown at [C:\re\workspace\8-2-build-windows-amd64-cygwin\jdk8u201\12322\hotspot\src\share\vm\runtime\sharedRuntime.cpp, line 605]

Events (10 events):
Event: 2.544 loading class org/hibernate/dialect/Oracle10gDialect
Event: 2.544 loading class org/hibernate/dialect/Oracle10gDialect done
Event: 2.544 loading class org/hibernate/dialect/PointbaseDialect
Event: 2.544 loading class org/hibernate/dialect/PointbaseDialect done
Event: 2.544 loading class org/hibernate/dialect/PostgresPlusDialect
Event: 2.544 loading class org/hibernate/dialect/PostgresPlusDialect done
Event: 2.544 loading class org/hibernate/dialect/PostgreSQLDialect
Event: 2.544 loading class org/hibernate/dialect/PostgreSQLDialect done
Event: 2.544 loading class org/hibernate/dialect/PostgreSQL82Dialect
Event: 2.544 loading class org/hibernate/dialect/PostgreSQL82Dialect done


Dynamic libraries:
0x00007ff6da350000 - 0x00007ff6da387000 	C:\Program Files\Java\jdk1.8.0_201\bin\javaw.exe
0x00007ffe387f0000 - 0x00007ffe389dd000 	C:\Windows\SYSTEM32\ntdll.dll
0x00007ffe08960000 - 0x00007ffe08972000 	C:\Program Files\AVAST Software\Avast\aswhook.dll
0x00007ffe376c0000 - 0x00007ffe37773000 	C:\Windows\System32\KERNEL32.DLL
0x00007ffe356c0000 - 0x00007ffe35953000 	C:\Windows\System32\KERNELBASE.dll
0x00007ffe37b20000 - 0x00007ffe37bc3000 	C:\Windows\System32\ADVAPI32.dll
0x00007ffe384c0000 - 0x00007ffe3855e000 	C:\Windows\System32\msvcrt.dll
0x00007ffe37780000 - 0x00007ffe3781e000 	C:\Windows\System32\sechost.dll
0x00007ffe38100000 - 0x00007ffe38222000 	C:\Windows\System32\RPCRT4.dll
0x00007ffe38320000 - 0x00007ffe384b7000 	C:\Windows\System32\USER32.dll
0x00007ffe35a00000 - 0x00007ffe35a20000 	C:\Windows\System32\win32u.dll
0x00007ffe37220000 - 0x00007ffe37249000 	C:\Windows\System32\GDI32.dll
0x00007ffe35310000 - 0x00007ffe354aa000 	C:\Windows\System32\gdi32full.dll
0x00007ffe35960000 - 0x00007ffe35a00000 	C:\Windows\System32\msvcp_win.dll
0x00007ffe35190000 - 0x00007ffe3528a000 	C:\Windows\System32\ucrtbase.dll
0x00007ffe20990000 - 0x00007ffe20c09000 	C:\Windows\WinSxS\amd64_microsoft.windows.common-controls_6595b64144ccf1df_6.0.17763.503_none_05b23ef40721f4ae\COMCTL32.dll
0x00007ffe37390000 - 0x00007ffe376bc000 	C:\Windows\System32\combase.dll
0x00007ffe35290000 - 0x00007ffe3530e000 	C:\Windows\System32\bcryptPrimitives.dll
0x00007ffe380c0000 - 0x00007ffe380ee000 	C:\Windows\System32\IMM32.DLL
0x00000000714f0000 - 0x00000000715c1000 	C:\Program Files\Java\jdk1.8.0_201\jre\bin\msvcr100.dll
0x0000000070c40000 - 0x00000000714e4000 	C:\Program Files\Java\jdk1.8.0_201\jre\bin\server\jvm.dll
0x00007ffe38230000 - 0x00007ffe38238000 	C:\Windows\System32\PSAPI.DLL
0x00007ffe254b0000 - 0x00007ffe254b9000 	C:\Windows\SYSTEM32\WSOCK32.dll
0x00007ffe37250000 - 0x00007ffe372bd000 	C:\Windows\System32\WS2_32.dll
0x00007ffe32370000 - 0x00007ffe32394000 	C:\Windows\SYSTEM32\WINMM.dll
0x00007ffe2cd20000 - 0x00007ffe2cd2a000 	C:\Windows\SYSTEM32\VERSION.dll
0x00007ffe32340000 - 0x00007ffe3236d000 	C:\Windows\SYSTEM32\WINMMBASE.dll
0x00007ffe35120000 - 0x00007ffe3516a000 	C:\Windows\System32\cfgmgr32.dll
0x00007ffe32490000 - 0x00007ffe3249f000 	C:\Program Files\Java\jdk1.8.0_201\jre\bin\verify.dll
0x00007ffe30900000 - 0x00007ffe30929000 	C:\Program Files\Java\jdk1.8.0_201\jre\bin\java.dll
0x00007ffe323d0000 - 0x00007ffe323e6000 	C:\Program Files\Java\jdk1.8.0_201\jre\bin\zip.dll
0x00007ffe35c00000 - 0x00007ffe370f0000 	C:\Windows\System32\SHELL32.dll
0x00007ffe38560000 - 0x00007ffe38608000 	C:\Windows\System32\shcore.dll
0x00007ffe348c0000 - 0x00007ffe3500a000 	C:\Windows\System32\windows.storage.dll
0x00007ffe34830000 - 0x00007ffe34854000 	C:\Windows\System32\profapi.dll
0x00007ffe34860000 - 0x00007ffe348bd000 	C:\Windows\System32\powrprof.dll
0x00007ffe382c0000 - 0x00007ffe38312000 	C:\Windows\System32\shlwapi.dll
0x00007ffe347f0000 - 0x00007ffe34801000 	C:\Windows\System32\kernel.appcore.dll
0x00007ffe35170000 - 0x00007ffe35187000 	C:\Windows\System32\cryptsp.dll
0x00007ffe30960000 - 0x00007ffe3096d000 	C:\Program Files\Java\jdk1.8.0_201\jre\bin\management.dll
0x00007ffe30430000 - 0x00007ffe3044a000 	C:\Program Files\Java\jdk1.8.0_201\jre\bin\net.dll
0x00007ffe25c40000 - 0x00007ffe25e16000 	C:\Windows\SYSTEM32\urlmon.dll
0x00007ffe25960000 - 0x00007ffe25c08000 	C:\Windows\SYSTEM32\iertutil.dll
0x00007ffe34240000 - 0x00007ffe3424c000 	C:\Windows\SYSTEM32\CRYPTBASE.DLL
0x00007ffe34070000 - 0x00007ffe340d7000 	C:\Windows\system32\mswsock.dll
0x00007ffe18b60000 - 0x00007ffe18b76000 	C:\Windows\system32\napinsp.dll
0x00007ffe18b30000 - 0x00007ffe18b4a000 	C:\Windows\system32\pnrpnsp.dll
0x00007ffe33e20000 - 0x00007ffe33ee6000 	C:\Windows\SYSTEM32\DNSAPI.dll
0x00007ffe380f0000 - 0x00007ffe380f8000 	C:\Windows\System32\NSI.dll
0x00007ffe33dd0000 - 0x00007ffe33e0d000 	C:\Windows\SYSTEM32\IPHLPAPI.DLL
0x00007ffe18b20000 - 0x00007ffe18b2e000 	C:\Windows\System32\winrnr.dll
0x00007ffe30890000 - 0x00007ffe308ab000 	C:\Windows\system32\NLAapi.dll
0x00007ffe1a880000 - 0x00007ffe1a895000 	C:\Windows\system32\wshbth.dll
0x00007ffe267a0000 - 0x00007ffe267aa000 	C:\Windows\System32\rasadhlp.dll
0x00007ffe26f90000 - 0x00007ffe27009000 	C:\Windows\System32\fwpuclnt.dll
0x00007ffe354b0000 - 0x00007ffe354d6000 	C:\Windows\System32\bcrypt.dll
0x00007ffe2da60000 - 0x00007ffe2da71000 	C:\Program Files\Java\jdk1.8.0_201\jre\bin\nio.dll
0x00007ffe33c30000 - 0x00007ffe33c63000 	C:\Windows\system32\rsaenh.dll
0x00007ffe34720000 - 0x00007ffe34748000 	C:\Windows\SYSTEM32\USERENV.dll
0x00007ffe29f20000 - 0x00007ffe29f36000 	C:\Windows\SYSTEM32\dhcpcsvc6.DLL
0x00007ffe2a530000 - 0x00007ffe2a54c000 	C:\Windows\SYSTEM32\dhcpcsvc.DLL

VM Arguments:
jvm_args: -Dfile.encoding=UTF-8 
java_command: com.formation.ProjetJournalApplication
java_class_path (initial): E:\Workplace\ProjetJournal\target\classes;C:\Users\IN-ST-027\.m2\repository\org\springframework\boot\spring-boot-starter-data-jpa\2.1.5.RELEASE\spring-boot-starter-data-jpa-2.1.5.RELEASE.jar;C:\Users\IN-ST-027\.m2\repository\org\springframework\boot\spring-boot-starter-aop\2.1.5.RELEASE\spring-boot-starter-aop-2.1.5.RELEASE.jar;C:\Users\IN-ST-027\.m2\repository\org\springframework\spring-aop\5.1.7.RELEASE\spring-aop-5.1.7.RELEASE.jar;C:\Users\IN-ST-027\.m2\repository\org\aspectj\aspectjweaver\1.9.4\aspectjweaver-1.9.4.jar;C:\Users\IN-ST-027\.m2\repository\org\springframework\boot\spring-boot-starter-jdbc\2.1.5.RELEASE\spring-boot-starter-jdbc-2.1.5.RELEASE.jar;C:\Users\IN-ST-027\.m2\repository\com\zaxxer\HikariCP\3.2.0\HikariCP-3.2.0.jar;C:\Users\IN-ST-027\.m2\repository\org\springframework\spring-jdbc\5.1.7.RELEASE\spring-jdbc-5.1.7.RELEASE.jar;C:\Users\IN-ST-027\.m2\repository\javax\transaction\javax.transaction-api\1.3\javax.transaction-api-1.3.jar;C:\Users\IN-ST-027\.m2\repository\javax\xml\bind\jaxb-api\2.3.1\jaxb-api-2.3.1.jar;C:\Users\IN-ST-027\.m2\repository\javax\activation\javax.activation-api\1.2.0\javax.activation-api-1.2.0.jar;C:\Users\IN-ST-027\.m2\repository\org\hibernate\hibernate-core\5.3.10.Final\hibernate-core-5.3.10.Final.jar;C:\Users\IN-ST-027\.m2\repository\org\jboss\logging\jboss-logging\3.3.2.Final\jboss-logging-3.3.2.Final.jar;C:\Users\IN-ST-027\.m2\repository\javax\persistence\javax.persistence-api\2.2\javax.persistence-api-2.2.jar;C:\Users\IN-ST-027\.m2\repository\org\javassist\javassist\3.23.2-GA\javassist-3.23.2-GA.jar;C:\Users\IN-ST-027\.m2\repository\net\bytebuddy\byte-buddy\1.9.12\byte-buddy-1.9.12.jar;C:\Users\IN-ST-027\.m2\repository\antlr\antlr\2.7.7\antlr-2.7.7.jar;C:\Users\IN-ST-027\.m2\repository\org\jboss\jandex\2.0.5.Final\jandex-2.0.5.Final.jar;C:\Users\IN-ST-027\.m2\repository\com\fasterxml\classmate\1.4.0\classmate-1.4.0.jar;C:\Users\IN-ST-027\.m2\repository\org\dom4j\dom4j\2.1.1\dom4j-2.1.1.jar
Launcher Type: SUN_STANDARD

Environment Variables:
JAVA_HOME=C:\Program Files\Java\jdk1.8.0_201
PATH=C:/Program Files/Java/jre1.8.0_211/bin/server;C:/Program Files/Java/jre1.8.0_211/bin;C:/Program Files/Java/jre1.8.0_211/lib/amd64;C:\Program Files (x86)\Common Files\Oracle\Java\javapath;C:\Windows\system32;C:\Windows;C:\Windows\System32\Wbem;C:\Windows\System32\WindowsPowerShell\v1.0\;C:\Windows\System32\OpenSSH\;C:\Program Files\Java\jdk1.8.0_201\bin;C:\Program Files\apache-maven-3.2.3\bin;C:\Program Files (x86)\Brackets\command;C:\Program Files\nodejs\;C:\Users\IN-ST-027\AppData\Local\Microsoft\WindowsApps;;C:\Users\IN-ST-027\AppData\Local\Programs\Microsoft VS Code\bin;C:\Users\IN-ST-027\AppData\Roaming\npm;C:\Windows\System32;
USERNAME=IN-ST-027
OS=Windows_NT
PROCESSOR_IDENTIFIER=Intel64 Family 6 Model 158 Stepping 10, GenuineIntel



---------------  S Y S T E M  ---------------

OS: Windows 10.0 , 64 bit Build 17763 (10.0.17763.475)

CPU:total 8 (initial active 8) (4 cores per cpu, 2 threads per core) family 6 model 158 stepping 10, cmov, cx8, fxsr, mmx, sse, sse2, sse3, ssse3, sse4.1, sse4.2, popcnt, avx, avx2, aes, clmul, erms, 3dnowpref, lzcnt, ht, tsc, tscinvbit, bmi1, bmi2, adx

Memory: 4k page, physical 8259892k(1486600k free), swap 23810352k(3184k free)

vm_info: Java HotSpot(TM) 64-Bit Server VM (25.201-b09) for windows-amd64 JRE (1.8.0_201-b09), built on Dec 15 2018 18:36:39 by "java_re" with MS VC++ 10.0 (VS2010)

time: Mon Jun 10 16:41:01 2019
timezone: Paris, Madrid (heure d’été)
elapsed time: 2 seconds (0d 0h 0m 2s)

